<?xml version="1.0" encoding="UTF-8"?>
<!-- Generated by org.testng.reporters.JUnitReportReporter -->
<testsuite hostname="AGI-LT-1530" name="TestNGTest.Test001" tests="1" failures="0" timestamp="2 Nov 2021 08:13:51 GMT" time="22.522" errors="0">
  <testcase name="Test" time="22.522" classname="TestNGTest.Test001"/>
</testsuite> <!-- TestNGTest.Test001 -->
