<?xml version="1.0" encoding="UTF-8"?>
<!-- Generated by org.testng.reporters.JUnitReportReporter -->
<testsuite hostname="AGI-LT-1530" name="TestNGTest.Test004" tests="1" failures="0" timestamp="2 Nov 2021 08:53:33 GMT" time="7.646" errors="0">
  <testcase name="Test2" time="7.646" classname="TestNGTest.Test004"/>
</testsuite> <!-- TestNGTest.Test004 -->
