<?xml version="1.0" encoding="UTF-8"?>
<!-- Generated by org.testng.reporters.JUnitReportReporter -->
<testsuite hostname="AGI-LT-1530" name="TestNGTest.Test003" tests="1" failures="0" timestamp="2 Nov 2021 08:53:33 GMT" time="15.168" errors="0">
  <testcase name="Test1" time="15.168" classname="TestNGTest.Test003"/>
</testsuite> <!-- TestNGTest.Test003 -->
